c:\users\ismocatovic\downloads\ismets ismets pismets\sfmlconsoleapplication\sfmlconsoleapplication\debug\vc141.pdb
c:\users\ismocatovic\downloads\ismets ismets pismets\sfmlconsoleapplication\sfmlconsoleapplication\debug\vc141.idb
c:\users\ismocatovic\downloads\ismets ismets pismets\sfmlconsoleapplication\sfmlconsoleapplication\debug\textureresource.obj
c:\users\ismocatovic\downloads\ismets ismets pismets\sfmlconsoleapplication\sfmlconsoleapplication\debug\shipentity.obj
c:\users\ismocatovic\downloads\ismets ismets pismets\sfmlconsoleapplication\sfmlconsoleapplication\debug\main.obj
c:\users\ismocatovic\downloads\ismets ismets pismets\sfmlconsoleapplication\sfmlconsoleapplication\debug\invaderentity.obj
c:\users\ismocatovic\downloads\ismets ismets pismets\sfmlconsoleapplication\sfmlconsoleapplication\debug\game.obj
c:\users\ismocatovic\downloads\ismets ismets pismets\sfmlconsoleapplication\sfmlconsoleapplication\debug\exposionentity.obj
c:\users\ismocatovic\downloads\ismets ismets pismets\sfmlconsoleapplication\sfmlconsoleapplication\debug\entity.obj
c:\users\ismocatovic\downloads\ismets ismets pismets\sfmlconsoleapplication\sfmlconsoleapplication\debug\concretegame.obj
c:\users\ismocatovic\downloads\ismets ismets pismets\sfmlconsoleapplication\sfmlconsoleapplication\debug\bulletentity.obj
c:\users\ismocatovic\downloads\ismets ismets pismets\sfmlconsoleapplication\debug\sfmlconsoleapplication.exe
c:\users\ismocatovic\downloads\ismets ismets pismets\sfmlconsoleapplication\debug\sfmlconsoleapplication.ilk
c:\users\ismocatovic\downloads\ismets ismets pismets\sfmlconsoleapplication\debug\sfmlconsoleapplication.pdb
c:\users\ismocatovic\downloads\ismets ismets pismets\sfmlconsoleapplication\sfmlconsoleapplication\debug\exposionentity.obj.enc
c:\users\ismocatovic\downloads\ismets ismets pismets\sfmlconsoleapplication\sfmlconsoleapplication\debug\sfmlcons.d1106a28.tlog\cl.command.1.tlog
c:\users\ismocatovic\downloads\ismets ismets pismets\sfmlconsoleapplication\sfmlconsoleapplication\debug\sfmlcons.d1106a28.tlog\cl.read.1.tlog
c:\users\ismocatovic\downloads\ismets ismets pismets\sfmlconsoleapplication\sfmlconsoleapplication\debug\sfmlcons.d1106a28.tlog\cl.write.1.tlog
c:\users\ismocatovic\downloads\ismets ismets pismets\sfmlconsoleapplication\sfmlconsoleapplication\debug\sfmlcons.d1106a28.tlog\link.command.1.tlog
c:\users\ismocatovic\downloads\ismets ismets pismets\sfmlconsoleapplication\sfmlconsoleapplication\debug\sfmlcons.d1106a28.tlog\link.read.1.tlog
c:\users\ismocatovic\downloads\ismets ismets pismets\sfmlconsoleapplication\sfmlconsoleapplication\debug\sfmlcons.d1106a28.tlog\link.write.1.tlog
